<?xml version="1.0" encoding="UTF-8"?>
<!-- Generated by org.testng.reporters.JUnitXMLReporter -->
<testsuite hostname="sjo-tiwarsha-m" ignored="0" name="Weather" tests="3" failures="0" timestamp="01 Nov 2021 17:15:14 GMT" time="5.969" errors="0">
  <testcase name="searchByCityName" time="2.865" classname="com.org.tests.WeatherTest"/>
  <testcase name="searchByGeoCoordinates" time="1.447" classname="com.org.tests.WeatherTest"/>
  <testcase name="searchByZip" time="1.245" classname="com.org.tests.WeatherTest"/>
</testsuite> <!-- Weather -->
