<?xml version="1.0" encoding="UTF-8"?>
<testsuite xmlns:xsi="http://www.w3.org/2001/XMLSchema-instance" xsi:noNamespaceSchemaLocation="https://maven.apache.org/surefire/maven-surefire-plugin/xsd/surefire-test-report.xsd" name="TestSuite" time="6.658" tests="3" errors="0" skipped="0" failures="0">
  <properties>
[...]
</properties>
  <testcase name="searchByCityName" classname="com.org.tests.WeatherTest" time="2.902"/>
  <testcase name="searchByGeoCoordinates" classname="com.org.tests.WeatherTest" time="1.448"/>
  <testcase name="searchByZip" classname="com.org.tests.WeatherTest" time="1.245"/>
</testsuite>